<?xml version="1.0" encoding="UTF-8"?>
<testsuite xmlns:xsi="http://www.w3.org/2001/XMLSchema-instance" xsi:noNamespaceSchemaLocation="https://maven.apache.org/surefire/maven-surefire-plugin/xsd/surefire-test-report.xsd" version="3.0.2" name="GeneratedSoftAssertionsTest" time="2.773" tests="2" errors="0" skipped="0" failures="0">
  <properties>
[...]
</properties>
  <testcase name="generated_entry_point_still_supports_standard_assertions" classname="GeneratedSoftAssertionsTest" time="2.713"/>
  <testcase name="should_validate_user_with_generated_soft_assertions" classname="GeneratedSoftAssertionsTest" time="0.003"/>
</testsuite>